2019-12-09 15:45:24.531  INFO 26163 --- [restartedMain] com.zlmt.WebhookHandler                  : Starting WebhookHandler on centosvm with PID 26163 (/home/raush/spring-projects/zlmt-webhook-handler/target/classes started by raush in /home/raush/spring-projects/zlmt-webhook-handler)
2019-12-09 15:45:24.532  INFO 26163 --- [restartedMain] com.zlmt.WebhookHandler                  : No active profile set, falling back to default profiles: default
2019-12-09 15:45:24.615  INFO 26163 --- [restartedMain] o.s.b.devtools.restart.ChangeableUrls    : The Class-Path manifest attribute in /home/raush/.m2/repository/org/glassfish/jaxb/jaxb-runtime/2.3.2/jaxb-runtime-2.3.2.jar referenced one or more files that do not exist: file:/home/raush/.m2/repository/org/glassfish/jaxb/jaxb-runtime/2.3.2/jakarta.xml.bind-api-2.3.2.jar,file:/home/raush/.m2/repository/org/glassfish/jaxb/jaxb-runtime/2.3.2/txw2-2.3.2.jar,file:/home/raush/.m2/repository/org/glassfish/jaxb/jaxb-runtime/2.3.2/istack-commons-runtime-3.0.8.jar,file:/home/raush/.m2/repository/org/glassfish/jaxb/jaxb-runtime/2.3.2/stax-ex-1.8.1.jar,file:/home/raush/.m2/repository/org/glassfish/jaxb/jaxb-runtime/2.3.2/FastInfoset-1.2.16.jar,file:/home/raush/.m2/repository/org/glassfish/jaxb/jaxb-runtime/2.3.2/jakarta.activation-api-1.2.1.jar
2019-12-09 15:45:24.615  INFO 26163 --- [restartedMain] .e.DevToolsPropertyDefaultsPostProcessor : Devtools property defaults active! Set 'spring.devtools.add-properties' to 'false' to disable
2019-12-09 15:45:24.615  INFO 26163 --- [restartedMain] .e.DevToolsPropertyDefaultsPostProcessor : For additional web related logging consider setting the 'logging.level.web' property to 'DEBUG'
2019-12-09 15:45:25.352  INFO 26163 --- [restartedMain] .s.d.r.c.RepositoryConfigurationDelegate : Bootstrapping Spring Data repositories in DEFAULT mode.
2019-12-09 15:45:25.457  INFO 26163 --- [restartedMain] .s.d.r.c.RepositoryConfigurationDelegate : Finished Spring Data repository scanning in 97ms. Found 3 repository interfaces.
2019-12-09 15:45:25.751  INFO 26163 --- [restartedMain] trationDelegate$BeanPostProcessorChecker : Bean 'org.springframework.transaction.annotation.ProxyTransactionManagementConfiguration' of type [org.springframework.transaction.annotation.ProxyTransactionManagementConfiguration] is not eligible for getting processed by all BeanPostProcessors (for example: not eligible for auto-proxying)
2019-12-09 15:45:26.037  INFO 26163 --- [restartedMain] o.s.b.w.embedded.tomcat.TomcatWebServer  : Tomcat initialized with port(s): 8080 (http)
2019-12-09 15:45:26.045  INFO 26163 --- [restartedMain] o.apache.catalina.core.StandardService   : Starting service [Tomcat]
2019-12-09 15:45:26.045  INFO 26163 --- [restartedMain] org.apache.catalina.core.StandardEngine  : Starting Servlet engine: [Apache Tomcat/9.0.27]
2019-12-09 15:45:26.131  INFO 26163 --- [restartedMain] o.a.c.c.C.[Tomcat].[localhost].[/]       : Initializing Spring embedded WebApplicationContext
2019-12-09 15:45:26.131  INFO 26163 --- [restartedMain] o.s.web.context.ContextLoader            : Root WebApplicationContext: initialization completed in 1515 ms
2019-12-09 15:45:26.509  INFO 26163 --- [restartedMain] o.hibernate.jpa.internal.util.LogHelper  : HHH000204: Processing PersistenceUnitInfo [name: default]
2019-12-09 15:45:26.598  INFO 26163 --- [restartedMain] org.hibernate.Version                    : HHH000412: Hibernate Core {5.4.8.Final}
2019-12-09 15:45:26.725  INFO 26163 --- [restartedMain] o.hibernate.annotations.common.Version   : HCANN000001: Hibernate Commons Annotations {5.1.0.Final}
2019-12-09 15:45:26.865  INFO 26163 --- [restartedMain] com.zaxxer.hikari.HikariDataSource       : HikariPool-1 - Starting...
2019-12-09 15:45:27.211  INFO 26163 --- [restartedMain] com.zaxxer.hikari.HikariDataSource       : HikariPool-1 - Start completed.
2019-12-09 15:45:27.218  INFO 26163 --- [restartedMain] org.hibernate.dialect.Dialect            : HHH000400: Using dialect: org.hibernate.dialect.MySQL5InnoDBDialect
2019-12-09 15:45:28.440  INFO 26163 --- [restartedMain] o.h.e.t.j.p.i.JtaPlatformInitiator       : HHH000490: Using JtaPlatform implementation: [org.hibernate.engine.transaction.jta.platform.internal.NoJtaPlatform]
2019-12-09 15:45:28.444  INFO 26163 --- [restartedMain] j.LocalContainerEntityManagerFactoryBean : Initialized JPA EntityManagerFactory for persistence unit 'default'
2019-12-09 15:45:28.453  INFO 26163 --- [restartedMain] o.s.b.d.a.OptionalLiveReloadServer       : LiveReload server is running on port 35729
2019-12-09 15:45:28.991  WARN 26163 --- [restartedMain] JpaBaseConfiguration$JpaWebConfiguration : spring.jpa.open-in-view is enabled by default. Therefore, database queries may be performed during view rendering. Explicitly configure spring.jpa.open-in-view to disable this warning
2019-12-09 15:45:29.094  INFO 26163 --- [restartedMain] o.s.s.concurrent.ThreadPoolTaskExecutor  : Initializing ExecutorService 'applicationTaskExecutor'
2019-12-09 15:45:29.344  INFO 26163 --- [restartedMain] o.s.b.a.e.web.EndpointLinksResolver      : Exposing 2 endpoint(s) beneath base path '/actuator'
2019-12-09 15:45:29.447  INFO 26163 --- [restartedMain] o.s.b.w.embedded.tomcat.TomcatWebServer  : Tomcat started on port(s): 8080 (http) with context path ''
2019-12-09 15:45:29.449  INFO 26163 --- [restartedMain] com.zlmt.WebhookHandler                  : Started WebhookHandler in 5.29 seconds (JVM running for 5.676)
2019-12-09 15:45:29.493  INFO 26163 --- [restartedMain] com.zlmt.CommandLineAppStartupRunner     : Saving/Updating all the previous data.
2019-12-09 15:45:31.801  INFO 26163 --- [restartedMain] com.zlmt.CommandLineAppStartupRunner     : Payload recieved for Driver: driverId=179
2019-12-09 15:45:31.801  INFO 26163 --- [restartedMain] com.zlmt.CommandLineAppStartupRunner     : Fetching driver with ID '%s' from third party API: 179
2019-12-09 15:45:32.193  INFO 26163 --- [restartedMain] com.zlmt.CommandLineAppStartupRunner     : Payload recieved for Driver: driverId=471
2019-12-09 15:45:32.193  INFO 26163 --- [restartedMain] com.zlmt.CommandLineAppStartupRunner     : Fetching driver with ID '%s' from third party API: 471
2019-12-09 15:45:32.507  INFO 26163 --- [restartedMain] com.zlmt.CommandLineAppStartupRunner     : Payload recieved for Driver: driverId=293
2019-12-09 15:45:32.508  INFO 26163 --- [restartedMain] com.zlmt.CommandLineAppStartupRunner     : Fetching driver with ID '%s' from third party API: 293
2019-12-09 15:45:32.826  INFO 26163 --- [restartedMain] com.zlmt.CommandLineAppStartupRunner     : Payload recieved for Driver: driverId=539
2019-12-09 15:45:32.826  INFO 26163 --- [restartedMain] com.zlmt.CommandLineAppStartupRunner     : Fetching driver with ID '%s' from third party API: 539
2019-12-09 15:45:33.138  INFO 26163 --- [restartedMain] com.zlmt.CommandLineAppStartupRunner     : Payload recieved for Driver: driverId=533
2019-12-09 15:45:33.139  INFO 26163 --- [restartedMain] com.zlmt.CommandLineAppStartupRunner     : Fetching driver with ID '%s' from third party API: 533
2019-12-09 15:45:33.449  INFO 26163 --- [restartedMain] com.zlmt.CommandLineAppStartupRunner     : Payload recieved for Driver: driverId=582
2019-12-09 15:45:33.449  INFO 26163 --- [restartedMain] com.zlmt.CommandLineAppStartupRunner     : Fetching driver with ID '%s' from third party API: 582
2019-12-09 15:45:33.764  INFO 26163 --- [restartedMain] com.zlmt.CommandLineAppStartupRunner     : Payload recieved for Driver: driverId=617
2019-12-09 15:45:33.764  INFO 26163 --- [restartedMain] com.zlmt.CommandLineAppStartupRunner     : Fetching driver with ID '%s' from third party API: 617
2019-12-09 15:45:34.085  INFO 26163 --- [restartedMain] com.zlmt.CommandLineAppStartupRunner     : Payload recieved for Driver: driverId=654
2019-12-09 15:45:34.085  INFO 26163 --- [restartedMain] com.zlmt.CommandLineAppStartupRunner     : Fetching driver with ID '%s' from third party API: 654
2019-12-09 15:45:34.395  INFO 26163 --- [restartedMain] com.zlmt.CommandLineAppStartupRunner     : Payload recieved for Driver: driverId=414
2019-12-09 15:45:34.395  INFO 26163 --- [restartedMain] com.zlmt.CommandLineAppStartupRunner     : Fetching driver with ID '%s' from third party API: 414
2019-12-09 15:45:34.712  INFO 26163 --- [restartedMain] com.zlmt.CommandLineAppStartupRunner     : Payload recieved for Driver: driverId=543
2019-12-09 15:45:34.712  INFO 26163 --- [restartedMain] com.zlmt.CommandLineAppStartupRunner     : Fetching driver with ID '%s' from third party API: 543
2019-12-09 15:45:35.028  INFO 26163 --- [restartedMain] com.zlmt.CommandLineAppStartupRunner     : Payload recieved for Driver: driverId=515
2019-12-09 15:45:35.028  INFO 26163 --- [restartedMain] com.zlmt.CommandLineAppStartupRunner     : Fetching driver with ID '%s' from third party API: 515
2019-12-09 15:45:35.345  INFO 26163 --- [restartedMain] com.zlmt.CommandLineAppStartupRunner     : Payload recieved for Driver: driverId=230
2019-12-09 15:45:35.345  INFO 26163 --- [restartedMain] com.zlmt.CommandLineAppStartupRunner     : Fetching driver with ID '%s' from third party API: 230
2019-12-09 15:45:35.661  INFO 26163 --- [restartedMain] com.zlmt.CommandLineAppStartupRunner     : Payload recieved for Driver: driverId=356
2019-12-09 15:45:35.661  INFO 26163 --- [restartedMain] com.zlmt.CommandLineAppStartupRunner     : Fetching driver with ID '%s' from third party API: 356
2019-12-09 15:45:35.977  INFO 26163 --- [restartedMain] com.zlmt.CommandLineAppStartupRunner     : Payload recieved for Driver: driverId=667
2019-12-09 15:45:35.977  INFO 26163 --- [restartedMain] com.zlmt.CommandLineAppStartupRunner     : Fetching driver with ID '%s' from third party API: 667
2019-12-09 15:45:36.297  INFO 26163 --- [restartedMain] com.zlmt.CommandLineAppStartupRunner     : Payload recieved for Driver: driverId=651
2019-12-09 15:45:36.297  INFO 26163 --- [restartedMain] com.zlmt.CommandLineAppStartupRunner     : Fetching driver with ID '%s' from third party API: 651
2019-12-09 15:45:36.612  INFO 26163 --- [restartedMain] com.zlmt.CommandLineAppStartupRunner     : Payload recieved for Driver: driverId=242
2019-12-09 15:45:36.612  INFO 26163 --- [restartedMain] com.zlmt.CommandLineAppStartupRunner     : Fetching driver with ID '%s' from third party API: 242
2019-12-09 15:45:36.935  INFO 26163 --- [restartedMain] com.zlmt.CommandLineAppStartupRunner     : Payload recieved for Driver: driverId=329
2019-12-09 15:45:36.935  INFO 26163 --- [restartedMain] com.zlmt.CommandLineAppStartupRunner     : Fetching driver with ID '%s' from third party API: 329
2019-12-09 15:45:37.247  INFO 26163 --- [restartedMain] com.zlmt.CommandLineAppStartupRunner     : Payload recieved for Driver: driverId=111
2019-12-09 15:45:37.247  INFO 26163 --- [restartedMain] com.zlmt.CommandLineAppStartupRunner     : Fetching driver with ID '%s' from third party API: 111
2019-12-09 15:45:37.576  INFO 26163 --- [restartedMain] com.zlmt.CommandLineAppStartupRunner     : Payload recieved for Driver: driverId=670
2019-12-09 15:45:37.576  INFO 26163 --- [restartedMain] com.zlmt.CommandLineAppStartupRunner     : Fetching driver with ID '%s' from third party API: 670
2019-12-09 15:45:37.886  INFO 26163 --- [restartedMain] com.zlmt.CommandLineAppStartupRunner     : Payload recieved for Driver: driverId=610
2019-12-09 15:45:37.887  INFO 26163 --- [restartedMain] com.zlmt.CommandLineAppStartupRunner     : Fetching driver with ID '%s' from third party API: 610
2019-12-09 15:45:38.212  INFO 26163 --- [restartedMain] com.zlmt.CommandLineAppStartupRunner     : Payload recieved for Driver: driverId=405
2019-12-09 15:45:38.212  INFO 26163 --- [restartedMain] com.zlmt.CommandLineAppStartupRunner     : Fetching driver with ID '%s' from third party API: 405
2019-12-09 15:45:38.527  INFO 26163 --- [restartedMain] com.zlmt.CommandLineAppStartupRunner     : Payload recieved for Driver: driverId=141
2019-12-09 15:45:38.527  INFO 26163 --- [restartedMain] com.zlmt.CommandLineAppStartupRunner     : Fetching driver with ID '%s' from third party API: 141
2019-12-09 15:45:38.845  INFO 26163 --- [restartedMain] com.zlmt.CommandLineAppStartupRunner     : Payload recieved for Driver: driverId=513
2019-12-09 15:45:38.846  INFO 26163 --- [restartedMain] com.zlmt.CommandLineAppStartupRunner     : Fetching driver with ID '%s' from third party API: 513
2019-12-09 15:45:39.158  INFO 26163 --- [restartedMain] com.zlmt.CommandLineAppStartupRunner     : Payload recieved for Driver: driverId=263
2019-12-09 15:45:39.158  INFO 26163 --- [restartedMain] com.zlmt.CommandLineAppStartupRunner     : Fetching driver with ID '%s' from third party API: 263
2019-12-09 15:45:39.469  INFO 26163 --- [restartedMain] com.zlmt.CommandLineAppStartupRunner     : Payload recieved for Driver: driverId=646
2019-12-09 15:45:39.470  INFO 26163 --- [restartedMain] com.zlmt.CommandLineAppStartupRunner     : Fetching driver with ID '%s' from third party API: 646
2019-12-09 15:45:39.786  INFO 26163 --- [restartedMain] com.zlmt.CommandLineAppStartupRunner     : Payload recieved for Driver: driverId=224
2019-12-09 15:45:39.787  INFO 26163 --- [restartedMain] com.zlmt.CommandLineAppStartupRunner     : Fetching driver with ID '%s' from third party API: 224
2019-12-09 15:45:40.111  INFO 26163 --- [restartedMain] com.zlmt.CommandLineAppStartupRunner     : Payload recieved for Driver: driverId=168
2019-12-09 15:45:40.111  INFO 26163 --- [restartedMain] com.zlmt.CommandLineAppStartupRunner     : Fetching driver with ID '%s' from third party API: 168
2019-12-09 15:45:40.463  INFO 26163 --- [restartedMain] com.zlmt.CommandLineAppStartupRunner     : Payload recieved for Driver: driverId=585
2019-12-09 15:45:40.463  INFO 26163 --- [restartedMain] com.zlmt.CommandLineAppStartupRunner     : Fetching driver with ID '%s' from third party API: 585
2019-12-09 15:45:40.779  INFO 26163 --- [restartedMain] com.zlmt.CommandLineAppStartupRunner     : Payload recieved for Driver: driverId=265
2019-12-09 15:45:40.779  INFO 26163 --- [restartedMain] com.zlmt.CommandLineAppStartupRunner     : Fetching driver with ID '%s' from third party API: 265
2019-12-09 15:45:41.099  INFO 26163 --- [restartedMain] com.zlmt.CommandLineAppStartupRunner     : Payload recieved for Driver: driverId=593
2019-12-09 15:45:41.100  INFO 26163 --- [restartedMain] com.zlmt.CommandLineAppStartupRunner     : Fetching driver with ID '%s' from third party API: 593
2019-12-09 15:45:41.413  INFO 26163 --- [restartedMain] com.zlmt.CommandLineAppStartupRunner     : Payload recieved for Driver: driverId=110
2019-12-09 15:45:41.413  INFO 26163 --- [restartedMain] com.zlmt.CommandLineAppStartupRunner     : Fetching driver with ID '%s' from third party API: 110
2019-12-09 15:45:41.729  INFO 26163 --- [restartedMain] com.zlmt.CommandLineAppStartupRunner     : Payload recieved for Driver: driverId=133
2019-12-09 15:45:41.729  INFO 26163 --- [restartedMain] com.zlmt.CommandLineAppStartupRunner     : Fetching driver with ID '%s' from third party API: 133
2019-12-09 15:45:42.047  INFO 26163 --- [restartedMain] com.zlmt.CommandLineAppStartupRunner     : Payload recieved for Driver: driverId=489
2019-12-09 15:45:42.047  INFO 26163 --- [restartedMain] com.zlmt.CommandLineAppStartupRunner     : Fetching driver with ID '%s' from third party API: 489
2019-12-09 15:45:42.362  INFO 26163 --- [restartedMain] com.zlmt.CommandLineAppStartupRunner     : Payload recieved for Driver: driverId=452
2019-12-09 15:45:42.363  INFO 26163 --- [restartedMain] com.zlmt.CommandLineAppStartupRunner     : Fetching driver with ID '%s' from third party API: 452
2019-12-09 15:45:42.679  INFO 26163 --- [restartedMain] com.zlmt.CommandLineAppStartupRunner     : Payload recieved for Driver: driverId=406
2019-12-09 15:45:42.679  INFO 26163 --- [restartedMain] com.zlmt.CommandLineAppStartupRunner     : Fetching driver with ID '%s' from third party API: 406
2019-12-09 15:45:43.003  INFO 26163 --- [restartedMain] com.zlmt.CommandLineAppStartupRunner     : Payload recieved for Driver: driverId=14
2019-12-09 15:45:43.004  INFO 26163 --- [restartedMain] com.zlmt.CommandLineAppStartupRunner     : Fetching driver with ID '%s' from third party API: 14
2019-12-09 15:45:43.321  INFO 26163 --- [restartedMain] com.zlmt.CommandLineAppStartupRunner     : Payload recieved for Driver: driverId=685
2019-12-09 15:45:43.322  INFO 26163 --- [restartedMain] com.zlmt.CommandLineAppStartupRunner     : Fetching driver with ID '%s' from third party API: 685
2019-12-09 15:45:43.657  INFO 26163 --- [restartedMain] com.zlmt.CommandLineAppStartupRunner     : Payload recieved for Driver: driverId=166
2019-12-09 15:45:43.657  INFO 26163 --- [restartedMain] com.zlmt.CommandLineAppStartupRunner     : Fetching driver with ID '%s' from third party API: 166
2019-12-09 15:45:43.981  INFO 26163 --- [restartedMain] com.zlmt.CommandLineAppStartupRunner     : Payload recieved for Driver: driverId=527
2019-12-09 15:45:43.981  INFO 26163 --- [restartedMain] com.zlmt.CommandLineAppStartupRunner     : Fetching driver with ID '%s' from third party API: 527
2019-12-09 15:45:44.306  INFO 26163 --- [restartedMain] com.zlmt.CommandLineAppStartupRunner     : Payload recieved for Driver: driverId=674
2019-12-09 15:45:44.306  INFO 26163 --- [restartedMain] com.zlmt.CommandLineAppStartupRunner     : Fetching driver with ID '%s' from third party API: 674
2019-12-09 15:45:44.638  INFO 26163 --- [restartedMain] com.zlmt.CommandLineAppStartupRunner     : Payload recieved for Driver: driverId=86
2019-12-09 15:45:44.638  INFO 26163 --- [restartedMain] com.zlmt.CommandLineAppStartupRunner     : Fetching driver with ID '%s' from third party API: 86
2019-12-09 15:45:44.954  INFO 26163 --- [restartedMain] com.zlmt.CommandLineAppStartupRunner     : Payload recieved for Driver: driverId=70
2019-12-09 15:45:44.954  INFO 26163 --- [restartedMain] com.zlmt.CommandLineAppStartupRunner     : Fetching driver with ID '%s' from third party API: 70
2019-12-09 15:45:45.267  INFO 26163 --- [restartedMain] com.zlmt.CommandLineAppStartupRunner     : Payload recieved for Driver: driverId=573
2019-12-09 15:45:45.267  INFO 26163 --- [restartedMain] com.zlmt.CommandLineAppStartupRunner     : Fetching driver with ID '%s' from third party API: 573
2019-12-09 15:45:45.577  INFO 26163 --- [restartedMain] com.zlmt.CommandLineAppStartupRunner     : Payload recieved for Driver: driverId=656
2019-12-09 15:45:45.578  INFO 26163 --- [restartedMain] com.zlmt.CommandLineAppStartupRunner     : Fetching driver with ID '%s' from third party API: 656
2019-12-09 15:45:45.905  INFO 26163 --- [restartedMain] com.zlmt.CommandLineAppStartupRunner     : Payload recieved for Driver: driverId=333
2019-12-09 15:45:45.905  INFO 26163 --- [restartedMain] com.zlmt.CommandLineAppStartupRunner     : Fetching driver with ID '%s' from third party API: 333
2019-12-09 15:45:46.238  INFO 26163 --- [restartedMain] com.zlmt.CommandLineAppStartupRunner     : Payload recieved for Driver: driverId=63
2019-12-09 15:45:46.238  INFO 26163 --- [restartedMain] com.zlmt.CommandLineAppStartupRunner     : Fetching driver with ID '%s' from third party API: 63
2019-12-09 15:45:46.563  INFO 26163 --- [restartedMain] com.zlmt.CommandLineAppStartupRunner     : Payload recieved for Driver: driverId=641
2019-12-09 15:45:46.564  INFO 26163 --- [restartedMain] com.zlmt.CommandLineAppStartupRunner     : Fetching driver with ID '%s' from third party API: 641
2019-12-09 15:45:46.883  INFO 26163 --- [restartedMain] com.zlmt.CommandLineAppStartupRunner     : Payload recieved for Driver: driverId=81
2019-12-09 15:45:46.883  INFO 26163 --- [restartedMain] com.zlmt.CommandLineAppStartupRunner     : Fetching driver with ID '%s' from third party API: 81
2019-12-09 15:45:47.196  INFO 26163 --- [restartedMain] com.zlmt.CommandLineAppStartupRunner     : Payload recieved for Driver: driverId=404
2019-12-09 15:45:47.196  INFO 26163 --- [restartedMain] com.zlmt.CommandLineAppStartupRunner     : Fetching driver with ID '%s' from third party API: 404
2019-12-09 15:45:47.507  INFO 26163 --- [restartedMain] com.zlmt.CommandLineAppStartupRunner     : Payload recieved for Driver: driverId=346
2019-12-09 15:45:47.507  INFO 26163 --- [restartedMain] com.zlmt.CommandLineAppStartupRunner     : Fetching driver with ID '%s' from third party API: 346
2019-12-09 15:45:47.835  INFO 26163 --- [restartedMain] com.zlmt.CommandLineAppStartupRunner     : Payload recieved for Driver: driverId=497
2019-12-09 15:45:47.835  INFO 26163 --- [restartedMain] com.zlmt.CommandLineAppStartupRunner     : Fetching driver with ID '%s' from third party API: 497
2019-12-09 15:45:48.157  INFO 26163 --- [restartedMain] com.zlmt.CommandLineAppStartupRunner     : Payload recieved for Driver: driverId=427
2019-12-09 15:45:48.158  INFO 26163 --- [restartedMain] com.zlmt.CommandLineAppStartupRunner     : Fetching driver with ID '%s' from third party API: 427
2019-12-09 15:45:48.476  INFO 26163 --- [restartedMain] com.zlmt.CommandLineAppStartupRunner     : Payload recieved for Driver: driverId=596
2019-12-09 15:45:48.476  INFO 26163 --- [restartedMain] com.zlmt.CommandLineAppStartupRunner     : Fetching driver with ID '%s' from third party API: 596
2019-12-09 15:45:48.810  INFO 26163 --- [restartedMain] com.zlmt.CommandLineAppStartupRunner     : Payload recieved for Driver: driverId=269
2019-12-09 15:45:48.810  INFO 26163 --- [restartedMain] com.zlmt.CommandLineAppStartupRunner     : Fetching driver with ID '%s' from third party API: 269
2019-12-09 15:45:49.130  INFO 26163 --- [restartedMain] com.zlmt.CommandLineAppStartupRunner     : Payload recieved for Driver: driverId=319
2019-12-09 15:45:49.130  INFO 26163 --- [restartedMain] com.zlmt.CommandLineAppStartupRunner     : Fetching driver with ID '%s' from third party API: 319
2019-12-09 15:45:49.466  INFO 26163 --- [restartedMain] com.zlmt.CommandLineAppStartupRunner     : Payload recieved for Driver: driverId=422
2019-12-09 15:45:49.466  INFO 26163 --- [restartedMain] com.zlmt.CommandLineAppStartupRunner     : Fetching driver with ID '%s' from third party API: 422
2019-12-09 15:45:49.802  INFO 26163 --- [restartedMain] com.zlmt.CommandLineAppStartupRunner     : Payload recieved for Driver: driverId=638
2019-12-09 15:45:49.802  INFO 26163 --- [restartedMain] com.zlmt.CommandLineAppStartupRunner     : Fetching driver with ID '%s' from third party API: 638
2019-12-09 15:45:50.132  INFO 26163 --- [restartedMain] com.zlmt.CommandLineAppStartupRunner     : Payload recieved for Driver: driverId=303
2019-12-09 15:45:50.133  INFO 26163 --- [restartedMain] com.zlmt.CommandLineAppStartupRunner     : Fetching driver with ID '%s' from third party API: 303
2019-12-09 15:45:50.465  INFO 26163 --- [restartedMain] com.zlmt.CommandLineAppStartupRunner     : Payload recieved for Driver: driverId=53
2019-12-09 15:45:50.465  INFO 26163 --- [restartedMain] com.zlmt.CommandLineAppStartupRunner     : Fetching driver with ID '%s' from third party API: 53
2019-12-09 15:45:50.791  INFO 26163 --- [restartedMain] com.zlmt.CommandLineAppStartupRunner     : Payload recieved for Driver: driverId=154
2019-12-09 15:45:50.791  INFO 26163 --- [restartedMain] com.zlmt.CommandLineAppStartupRunner     : Fetching driver with ID '%s' from third party API: 154
2019-12-09 15:45:51.117  INFO 26163 --- [restartedMain] com.zlmt.CommandLineAppStartupRunner     : Payload recieved for Driver: driverId=499
2019-12-09 15:45:51.117  INFO 26163 --- [restartedMain] com.zlmt.CommandLineAppStartupRunner     : Fetching driver with ID '%s' from third party API: 499
2019-12-09 15:45:51.447  INFO 26163 --- [restartedMain] com.zlmt.CommandLineAppStartupRunner     : Payload recieved for Driver: driverId=639
2019-12-09 15:45:51.447  INFO 26163 --- [restartedMain] com.zlmt.CommandLineAppStartupRunner     : Fetching driver with ID '%s' from third party API: 639
2019-12-09 15:45:51.760  INFO 26163 --- [restartedMain] com.zlmt.CommandLineAppStartupRunner     : Payload recieved for Driver: driverId=232
2019-12-09 15:45:51.760  INFO 26163 --- [restartedMain] com.zlmt.CommandLineAppStartupRunner     : Fetching driver with ID '%s' from third party API: 232
2019-12-09 15:45:52.077  INFO 26163 --- [restartedMain] com.zlmt.CommandLineAppStartupRunner     : Payload recieved for Driver: driverId=302
2019-12-09 15:45:52.077  INFO 26163 --- [restartedMain] com.zlmt.CommandLineAppStartupRunner     : Fetching driver with ID '%s' from third party API: 302
2019-12-09 15:45:52.414  INFO 26163 --- [restartedMain] com.zlmt.CommandLineAppStartupRunner     : Payload recieved for Driver: driverId=72
2019-12-09 15:45:52.414  INFO 26163 --- [restartedMain] com.zlmt.CommandLineAppStartupRunner     : Fetching driver with ID '%s' from third party API: 72
2019-12-09 15:45:52.749  INFO 26163 --- [restartedMain] com.zlmt.CommandLineAppStartupRunner     : Payload recieved for Driver: driverId=349
2019-12-09 15:45:52.749  INFO 26163 --- [restartedMain] com.zlmt.CommandLineAppStartupRunner     : Fetching driver with ID '%s' from third party API: 349
2019-12-09 15:45:53.077  INFO 26163 --- [restartedMain] com.zlmt.CommandLineAppStartupRunner     : Payload recieved for Driver: driverId=529
2019-12-09 15:45:53.077  INFO 26163 --- [restartedMain] com.zlmt.CommandLineAppStartupRunner     : Fetching driver with ID '%s' from third party API: 529
2019-12-09 15:45:53.392  INFO 26163 --- [restartedMain] com.zlmt.CommandLineAppStartupRunner     : Payload recieved for Driver: driverId=546
2019-12-09 15:45:53.392  INFO 26163 --- [restartedMain] com.zlmt.CommandLineAppStartupRunner     : Fetching driver with ID '%s' from third party API: 546
2019-12-09 15:45:53.707  INFO 26163 --- [restartedMain] com.zlmt.CommandLineAppStartupRunner     : Payload recieved for Driver: driverId=691
2019-12-09 15:45:53.707  INFO 26163 --- [restartedMain] com.zlmt.CommandLineAppStartupRunner     : Fetching driver with ID '%s' from third party API: 691
2019-12-09 15:45:54.021  INFO 26163 --- [restartedMain] com.zlmt.CommandLineAppStartupRunner     : Payload recieved for Driver: driverId=266
2019-12-09 15:45:54.022  INFO 26163 --- [restartedMain] com.zlmt.CommandLineAppStartupRunner     : Fetching driver with ID '%s' from third party API: 266
2019-12-09 15:45:54.336  INFO 26163 --- [restartedMain] com.zlmt.CommandLineAppStartupRunner     : Payload recieved for Driver: driverId=341
2019-12-09 15:45:54.337  INFO 26163 --- [restartedMain] com.zlmt.CommandLineAppStartupRunner     : Fetching driver with ID '%s' from third party API: 341
2019-12-09 15:45:54.673  INFO 26163 --- [restartedMain] com.zlmt.CommandLineAppStartupRunner     : Payload recieved for Driver: driverId=632
2019-12-09 15:45:54.674  INFO 26163 --- [restartedMain] com.zlmt.CommandLineAppStartupRunner     : Fetching driver with ID '%s' from third party API: 632
2019-12-09 15:45:55.007  INFO 26163 --- [restartedMain] com.zlmt.CommandLineAppStartupRunner     : Payload recieved for Driver: driverId=324
2019-12-09 15:45:55.007  INFO 26163 --- [restartedMain] com.zlmt.CommandLineAppStartupRunner     : Fetching driver with ID '%s' from third party API: 324
2019-12-09 15:45:55.344  INFO 26163 --- [restartedMain] com.zlmt.CommandLineAppStartupRunner     : Payload recieved for Driver: driverId=550
2019-12-09 15:45:55.344  INFO 26163 --- [restartedMain] com.zlmt.CommandLineAppStartupRunner     : Fetching driver with ID '%s' from third party API: 550
2019-12-09 15:45:55.670  INFO 26163 --- [restartedMain] com.zlmt.CommandLineAppStartupRunner     : Payload recieved for Driver: driverId=284
2019-12-09 15:45:55.670  INFO 26163 --- [restartedMain] com.zlmt.CommandLineAppStartupRunner     : Fetching driver with ID '%s' from third party API: 284
2019-12-09 15:45:55.994  INFO 26163 --- [restartedMain] com.zlmt.CommandLineAppStartupRunner     : Payload recieved for Driver: driverId=305
2019-12-09 15:45:55.994  INFO 26163 --- [restartedMain] com.zlmt.CommandLineAppStartupRunner     : Fetching driver with ID '%s' from third party API: 305
2019-12-09 15:45:56.315  INFO 26163 --- [restartedMain] com.zlmt.CommandLineAppStartupRunner     : Payload recieved for Driver: driverId=711
2019-12-09 15:45:56.315  INFO 26163 --- [restartedMain] com.zlmt.CommandLineAppStartupRunner     : Fetching driver with ID '%s' from third party API: 711
2019-12-09 15:45:56.638  INFO 26163 --- [restartedMain] com.zlmt.CommandLineAppStartupRunner     : Payload recieved for Driver: driverId=718
2019-12-09 15:45:56.639  INFO 26163 --- [restartedMain] com.zlmt.CommandLineAppStartupRunner     : Fetching driver with ID '%s' from third party API: 718
2019-12-09 15:45:56.954  INFO 26163 --- [restartedMain] com.zlmt.CommandLineAppStartupRunner     : Payload recieved for Driver: driverId=17
2019-12-09 15:45:56.955  INFO 26163 --- [restartedMain] com.zlmt.CommandLineAppStartupRunner     : Fetching driver with ID '%s' from third party API: 17
2019-12-09 15:45:57.279  INFO 26163 --- [restartedMain] com.zlmt.CommandLineAppStartupRunner     : Payload recieved for Driver: driverId=572
2019-12-09 15:45:57.279  INFO 26163 --- [restartedMain] com.zlmt.CommandLineAppStartupRunner     : Fetching driver with ID '%s' from third party API: 572
2019-12-09 15:45:57.630  INFO 26163 --- [restartedMain] com.zlmt.CommandLineAppStartupRunner     : Payload recieved for Driver: driverId=523
2019-12-09 15:45:57.630  INFO 26163 --- [restartedMain] com.zlmt.CommandLineAppStartupRunner     : Fetching driver with ID '%s' from third party API: 523
2019-12-09 15:45:57.947  INFO 26163 --- [restartedMain] com.zlmt.CommandLineAppStartupRunner     : Payload recieved for Driver: driverId=494
2019-12-09 15:45:57.947  INFO 26163 --- [restartedMain] com.zlmt.CommandLineAppStartupRunner     : Fetching driver with ID '%s' from third party API: 494
2019-12-09 15:45:58.267  INFO 26163 --- [restartedMain] com.zlmt.CommandLineAppStartupRunner     : Payload recieved for Driver: driverId=586
2019-12-09 15:45:58.268  INFO 26163 --- [restartedMain] com.zlmt.CommandLineAppStartupRunner     : Fetching driver with ID '%s' from third party API: 586
2019-12-09 15:45:58.583  INFO 26163 --- [restartedMain] com.zlmt.CommandLineAppStartupRunner     : Payload recieved for Driver: driverId=678
2019-12-09 15:45:58.583  INFO 26163 --- [restartedMain] com.zlmt.CommandLineAppStartupRunner     : Fetching driver with ID '%s' from third party API: 678
2019-12-09 15:45:58.906  INFO 26163 --- [restartedMain] com.zlmt.CommandLineAppStartupRunner     : Payload recieved for Driver: driverId=279
2019-12-09 15:45:58.907  INFO 26163 --- [restartedMain] com.zlmt.CommandLineAppStartupRunner     : Fetching driver with ID '%s' from third party API: 279
2019-12-09 15:45:59.217  INFO 26163 --- [restartedMain] com.zlmt.CommandLineAppStartupRunner     : Payload recieved for Driver: driverId=369
2019-12-09 15:45:59.217  INFO 26163 --- [restartedMain] com.zlmt.CommandLineAppStartupRunner     : Fetching driver with ID '%s' from third party API: 369
2019-12-09 15:45:59.539  INFO 26163 --- [restartedMain] com.zlmt.CommandLineAppStartupRunner     : Payload recieved for Driver: driverId=424
2019-12-09 15:45:59.540  INFO 26163 --- [restartedMain] com.zlmt.CommandLineAppStartupRunner     : Fetching driver with ID '%s' from third party API: 424
2019-12-09 15:45:59.876  INFO 26163 --- [restartedMain] com.zlmt.CommandLineAppStartupRunner     : Payload recieved for Driver: driverId=720
2019-12-09 15:45:59.876  INFO 26163 --- [restartedMain] com.zlmt.CommandLineAppStartupRunner     : Fetching driver with ID '%s' from third party API: 720
2019-12-09 15:46:00.213  INFO 26163 --- [restartedMain] com.zlmt.CommandLineAppStartupRunner     : Payload recieved for Driver: driverId=732
2019-12-09 15:46:00.213  INFO 26163 --- [restartedMain] com.zlmt.CommandLineAppStartupRunner     : Fetching driver with ID '%s' from third party API: 732
2019-12-09 15:46:00.525  INFO 26163 --- [restartedMain] com.zlmt.CommandLineAppStartupRunner     : Payload recieved for Driver: driverId=339
2019-12-09 15:46:00.526  INFO 26163 --- [restartedMain] com.zlmt.CommandLineAppStartupRunner     : Fetching driver with ID '%s' from third party API: 339
2019-12-09 15:46:00.841  INFO 26163 --- [restartedMain] com.zlmt.CommandLineAppStartupRunner     : Payload recieved for Driver: driverId=249
2019-12-09 15:46:00.842  INFO 26163 --- [restartedMain] com.zlmt.CommandLineAppStartupRunner     : Fetching driver with ID '%s' from third party API: 249
2019-12-09 15:46:01.163  INFO 26163 --- [restartedMain] com.zlmt.CommandLineAppStartupRunner     : Payload recieved for Driver: driverId=331
2019-12-09 15:46:01.163  INFO 26163 --- [restartedMain] com.zlmt.CommandLineAppStartupRunner     : Fetching driver with ID '%s' from third party API: 331
2019-12-09 15:46:01.482  INFO 26163 --- [restartedMain] com.zlmt.CommandLineAppStartupRunner     : Payload recieved for Driver: driverId=194
2019-12-09 15:46:01.482  INFO 26163 --- [restartedMain] com.zlmt.CommandLineAppStartupRunner     : Fetching driver with ID '%s' from third party API: 194
2019-12-09 15:46:01.824  INFO 26163 --- [restartedMain] com.zlmt.CommandLineAppStartupRunner     : Payload recieved for Driver: driverId=368
2019-12-09 15:46:01.824  INFO 26163 --- [restartedMain] com.zlmt.CommandLineAppStartupRunner     : Fetching driver with ID '%s' from third party API: 368
2019-12-09 15:46:02.160  INFO 26163 --- [restartedMain] com.zlmt.CommandLineAppStartupRunner     : Payload recieved for Driver: driverId=301
2019-12-09 15:46:02.160  INFO 26163 --- [restartedMain] com.zlmt.CommandLineAppStartupRunner     : Fetching driver with ID '%s' from third party API: 301
2019-12-09 15:46:02.526  INFO 26163 --- [restartedMain] com.zlmt.CommandLineAppStartupRunner     : Payload recieved for Driver: driverId=441
2019-12-09 15:46:02.526  INFO 26163 --- [restartedMain] com.zlmt.CommandLineAppStartupRunner     : Fetching driver with ID '%s' from third party API: 441
2019-12-09 15:46:02.864  INFO 26163 --- [restartedMain] com.zlmt.CommandLineAppStartupRunner     : Payload recieved for Driver: driverId=554
2019-12-09 15:46:02.864  INFO 26163 --- [restartedMain] com.zlmt.CommandLineAppStartupRunner     : Fetching driver with ID '%s' from third party API: 554
2019-12-09 15:46:03.187  INFO 26163 --- [restartedMain] com.zlmt.CommandLineAppStartupRunner     : Payload recieved for Driver: driverId=156
2019-12-09 15:46:03.187  INFO 26163 --- [restartedMain] com.zlmt.CommandLineAppStartupRunner     : Fetching driver with ID '%s' from third party API: 156
2019-12-09 15:46:03.498  INFO 26163 --- [restartedMain] com.zlmt.CommandLineAppStartupRunner     : Payload recieved for Driver: driverId=426
2019-12-09 15:46:03.498  INFO 26163 --- [restartedMain] com.zlmt.CommandLineAppStartupRunner     : Fetching driver with ID '%s' from third party API: 426
2019-12-09 15:46:03.827  INFO 26163 --- [restartedMain] com.zlmt.CommandLineAppStartupRunner     : Payload recieved for Driver: driverId=626
2019-12-09 15:46:03.827  INFO 26163 --- [restartedMain] com.zlmt.CommandLineAppStartupRunner     : Fetching driver with ID '%s' from third party API: 626
2019-12-09 15:46:04.982  INFO 26163 --- [restartedMain] com.zlmt.CommandLineAppStartupRunner     : Payload recieved for Driver: driverId=327
2019-12-09 15:46:04.982  INFO 26163 --- [restartedMain] com.zlmt.CommandLineAppStartupRunner     : Fetching driver with ID '%s' from third party API: 327
2019-12-09 15:46:05.306  INFO 26163 --- [restartedMain] com.zlmt.CommandLineAppStartupRunner     : Payload recieved for Driver: driverId=565
2019-12-09 15:46:05.307  INFO 26163 --- [restartedMain] com.zlmt.CommandLineAppStartupRunner     : Fetching driver with ID '%s' from third party API: 565
2019-12-09 15:46:05.626  INFO 26163 --- [restartedMain] com.zlmt.CommandLineAppStartupRunner     : Payload recieved for Driver: driverId=839
2019-12-09 15:46:05.627  INFO 26163 --- [restartedMain] com.zlmt.CommandLineAppStartupRunner     : Fetching driver with ID '%s' from third party API: 839
2019-12-09 15:46:05.949  INFO 26163 --- [restartedMain] com.zlmt.CommandLineAppStartupRunner     : Payload recieved for Driver: driverId=79
2019-12-09 15:46:05.949  INFO 26163 --- [restartedMain] com.zlmt.CommandLineAppStartupRunner     : Fetching driver with ID '%s' from third party API: 79
2019-12-09 15:46:06.285  INFO 26163 --- [restartedMain] com.zlmt.CommandLineAppStartupRunner     : Payload recieved for Driver: driverId=39
2019-12-09 15:46:06.285  INFO 26163 --- [restartedMain] com.zlmt.CommandLineAppStartupRunner     : Fetching driver with ID '%s' from third party API: 39
2019-12-09 15:46:06.600  INFO 26163 --- [restartedMain] com.zlmt.CommandLineAppStartupRunner     : Payload recieved for Driver: driverId=516
2019-12-09 15:46:06.601  INFO 26163 --- [restartedMain] com.zlmt.CommandLineAppStartupRunner     : Fetching driver with ID '%s' from third party API: 516
2019-12-09 15:46:06.913  INFO 26163 --- [restartedMain] com.zlmt.CommandLineAppStartupRunner     : Payload recieved for Driver: driverId=605
2019-12-09 15:46:06.913  INFO 26163 --- [restartedMain] com.zlmt.CommandLineAppStartupRunner     : Fetching driver with ID '%s' from third party API: 605
2019-12-09 15:46:07.232  INFO 26163 --- [restartedMain] com.zlmt.CommandLineAppStartupRunner     : Payload recieved for Driver: driverId=481
2019-12-09 15:46:07.232  INFO 26163 --- [restartedMain] com.zlmt.CommandLineAppStartupRunner     : Fetching driver with ID '%s' from third party API: 481
2019-12-09 15:46:07.551  INFO 26163 --- [restartedMain] com.zlmt.CommandLineAppStartupRunner     : Payload recieved for Driver: driverId=189
2019-12-09 15:46:07.552  INFO 26163 --- [restartedMain] com.zlmt.CommandLineAppStartupRunner     : Fetching driver with ID '%s' from third party API: 189
2019-12-09 15:46:07.874  INFO 26163 --- [restartedMain] com.zlmt.CommandLineAppStartupRunner     : Payload recieved for Driver: driverId=412
2019-12-09 15:46:07.874  INFO 26163 --- [restartedMain] com.zlmt.CommandLineAppStartupRunner     : Fetching driver with ID '%s' from third party API: 412
2019-12-09 15:46:08.189  INFO 26163 --- [restartedMain] com.zlmt.CommandLineAppStartupRunner     : Payload recieved for Driver: driverId=492
2019-12-09 15:46:08.189  INFO 26163 --- [restartedMain] com.zlmt.CommandLineAppStartupRunner     : Fetching driver with ID '%s' from third party API: 492
2019-12-09 15:46:08.503  INFO 26163 --- [restartedMain] com.zlmt.CommandLineAppStartupRunner     : Payload recieved for Driver: driverId=28
2019-12-09 15:46:08.503  INFO 26163 --- [restartedMain] com.zlmt.CommandLineAppStartupRunner     : Fetching driver with ID '%s' from third party API: 28
2019-12-09 15:46:08.817  INFO 26163 --- [restartedMain] com.zlmt.CommandLineAppStartupRunner     : Payload recieved for Driver: driverId=395
2019-12-09 15:46:08.817  INFO 26163 --- [restartedMain] com.zlmt.CommandLineAppStartupRunner     : Fetching driver with ID '%s' from third party API: 395
2019-12-09 15:46:09.143  INFO 26163 --- [restartedMain] com.zlmt.CommandLineAppStartupRunner     : Payload recieved for Driver: driverId=161
2019-12-09 15:46:09.143  INFO 26163 --- [restartedMain] com.zlmt.CommandLineAppStartupRunner     : Fetching driver with ID '%s' from third party API: 161
2019-12-09 15:46:09.459  INFO 26163 --- [restartedMain] com.zlmt.CommandLineAppStartupRunner     : Payload recieved for Driver: driverId=552
2019-12-09 15:46:09.459  INFO 26163 --- [restartedMain] com.zlmt.CommandLineAppStartupRunner     : Fetching driver with ID '%s' from third party API: 552
2019-12-09 15:46:09.776  INFO 26163 --- [restartedMain] com.zlmt.CommandLineAppStartupRunner     : Payload recieved for Driver: driverId=620
2019-12-09 15:46:09.776  INFO 26163 --- [restartedMain] com.zlmt.CommandLineAppStartupRunner     : Fetching driver with ID '%s' from third party API: 620
2019-12-09 15:46:10.096  INFO 26163 --- [restartedMain] com.zlmt.CommandLineAppStartupRunner     : Payload recieved for Driver: driverId=96
2019-12-09 15:46:10.097  INFO 26163 --- [restartedMain] com.zlmt.CommandLineAppStartupRunner     : Fetching driver with ID '%s' from third party API: 96
2019-12-09 15:46:10.409  INFO 26163 --- [restartedMain] com.zlmt.CommandLineAppStartupRunner     : Payload recieved for Driver: driverId=468
2019-12-09 15:46:10.410  INFO 26163 --- [restartedMain] com.zlmt.CommandLineAppStartupRunner     : Fetching driver with ID '%s' from third party API: 468
2019-12-09 15:46:10.733  INFO 26163 --- [restartedMain] com.zlmt.CommandLineAppStartupRunner     : Payload recieved for Driver: driverId=283
2019-12-09 15:46:10.733  INFO 26163 --- [restartedMain] com.zlmt.CommandLineAppStartupRunner     : Fetching driver with ID '%s' from third party API: 283
2019-12-09 15:46:11.054  INFO 26163 --- [restartedMain] com.zlmt.CommandLineAppStartupRunner     : Payload recieved for Driver: driverId=377
2019-12-09 15:46:11.054  INFO 26163 --- [restartedMain] com.zlmt.CommandLineAppStartupRunner     : Fetching driver with ID '%s' from third party API: 377
2019-12-09 15:46:11.373  INFO 26163 --- [restartedMain] com.zlmt.CommandLineAppStartupRunner     : Payload recieved for Driver: driverId=21
2019-12-09 15:46:11.373  INFO 26163 --- [restartedMain] com.zlmt.CommandLineAppStartupRunner     : Fetching driver with ID '%s' from third party API: 21
2019-12-09 15:46:11.685  INFO 26163 --- [restartedMain] com.zlmt.CommandLineAppStartupRunner     : Payload recieved for Driver: driverId=278
2019-12-09 15:46:11.685  INFO 26163 --- [restartedMain] com.zlmt.CommandLineAppStartupRunner     : Fetching driver with ID '%s' from third party API: 278
2019-12-09 15:46:12.014  INFO 26163 --- [restartedMain] com.zlmt.CommandLineAppStartupRunner     : Payload recieved for Driver: driverId=32
2019-12-09 15:46:12.014  INFO 26163 --- [restartedMain] com.zlmt.CommandLineAppStartupRunner     : Fetching driver with ID '%s' from third party API: 32
2019-12-09 15:46:12.338  INFO 26163 --- [restartedMain] com.zlmt.CommandLineAppStartupRunner     : Payload recieved for Driver: driverId=191
2019-12-09 15:46:12.338  INFO 26163 --- [restartedMain] com.zlmt.CommandLineAppStartupRunner     : Fetching driver with ID '%s' from third party API: 191
2019-12-09 15:46:12.659  INFO 26163 --- [restartedMain] com.zlmt.CommandLineAppStartupRunner     : Payload recieved for Driver: driverId=245
2019-12-09 15:46:12.659  INFO 26163 --- [restartedMain] com.zlmt.CommandLineAppStartupRunner     : Fetching driver with ID '%s' from third party API: 245
2019-12-09 15:46:12.970  INFO 26163 --- [restartedMain] com.zlmt.CommandLineAppStartupRunner     : Payload recieved for Driver: driverId=689
2019-12-09 15:46:12.970  INFO 26163 --- [restartedMain] com.zlmt.CommandLineAppStartupRunner     : Fetching driver with ID '%s' from third party API: 689
2019-12-09 15:46:13.292  INFO 26163 --- [restartedMain] com.zlmt.CommandLineAppStartupRunner     : Payload recieved for Driver: driverId=681
2019-12-09 15:46:13.292  INFO 26163 --- [restartedMain] com.zlmt.CommandLineAppStartupRunner     : Fetching driver with ID '%s' from third party API: 681
2019-12-09 15:46:13.625  INFO 26163 --- [restartedMain] com.zlmt.CommandLineAppStartupRunner     : Payload recieved for Driver: driverId=89
2019-12-09 15:46:13.625  INFO 26163 --- [restartedMain] com.zlmt.CommandLineAppStartupRunner     : Fetching driver with ID '%s' from third party API: 89
2019-12-09 15:46:13.949  INFO 26163 --- [restartedMain] com.zlmt.CommandLineAppStartupRunner     : Payload recieved for Driver: driverId=373
2019-12-09 15:46:13.949  INFO 26163 --- [restartedMain] com.zlmt.CommandLineAppStartupRunner     : Fetching driver with ID '%s' from third party API: 373
2019-12-09 15:46:14.267  INFO 26163 --- [restartedMain] com.zlmt.CommandLineAppStartupRunner     : Payload recieved for Driver: driverId=15
2019-12-09 15:46:14.267  INFO 26163 --- [restartedMain] com.zlmt.CommandLineAppStartupRunner     : Fetching driver with ID '%s' from third party API: 15
2019-12-09 15:46:14.593  INFO 26163 --- [restartedMain] com.zlmt.CommandLineAppStartupRunner     : Payload recieved for Driver: driverId=715
2019-12-09 15:46:14.593  INFO 26163 --- [restartedMain] com.zlmt.CommandLineAppStartupRunner     : Fetching driver with ID '%s' from third party API: 715
2019-12-09 15:46:14.929  INFO 26163 --- [restartedMain] com.zlmt.CommandLineAppStartupRunner     : Payload recieved for Driver: driverId=210
2019-12-09 15:46:14.929  INFO 26163 --- [restartedMain] com.zlmt.CommandLineAppStartupRunner     : Fetching driver with ID '%s' from third party API: 210
2019-12-09 15:46:15.257  INFO 26163 --- [restartedMain] com.zlmt.CommandLineAppStartupRunner     : Payload recieved for Driver: driverId=559
2019-12-09 15:46:15.257  INFO 26163 --- [restartedMain] com.zlmt.CommandLineAppStartupRunner     : Fetching driver with ID '%s' from third party API: 559
2019-12-09 15:46:15.582  INFO 26163 --- [restartedMain] com.zlmt.CommandLineAppStartupRunner     : Payload recieved for Driver: driverId=147
2019-12-09 15:46:15.582  INFO 26163 --- [restartedMain] com.zlmt.CommandLineAppStartupRunner     : Fetching driver with ID '%s' from third party API: 147
2019-12-09 15:46:15.907  INFO 26163 --- [restartedMain] com.zlmt.CommandLineAppStartupRunner     : Payload recieved for Driver: driverId=712
2019-12-09 15:46:15.907  INFO 26163 --- [restartedMain] com.zlmt.CommandLineAppStartupRunner     : Fetching driver with ID '%s' from third party API: 712
2019-12-09 15:46:16.238  INFO 26163 --- [restartedMain] com.zlmt.CommandLineAppStartupRunner     : Payload recieved for Driver: driverId=104
2019-12-09 15:46:16.238  INFO 26163 --- [restartedMain] com.zlmt.CommandLineAppStartupRunner     : Fetching driver with ID '%s' from third party API: 104
2019-12-09 15:46:16.556  INFO 26163 --- [restartedMain] com.zlmt.CommandLineAppStartupRunner     : Payload recieved for Driver: driverId=479
2019-12-09 15:46:16.556  INFO 26163 --- [restartedMain] com.zlmt.CommandLineAppStartupRunner     : Fetching driver with ID '%s' from third party API: 479
2019-12-09 15:46:16.883  INFO 26163 --- [restartedMain] com.zlmt.CommandLineAppStartupRunner     : Payload recieved for Driver: driverId=258
2019-12-09 15:46:16.883  INFO 26163 --- [restartedMain] com.zlmt.CommandLineAppStartupRunner     : Fetching driver with ID '%s' from third party API: 258
2019-12-09 15:46:17.278  INFO 26163 --- [restartedMain] com.zlmt.CommandLineAppStartupRunner     : Payload recieved for Driver: driverId=606
2019-12-09 15:46:17.278  INFO 26163 --- [restartedMain] com.zlmt.CommandLineAppStartupRunner     : Fetching driver with ID '%s' from third party API: 606
2019-12-09 15:46:17.607  INFO 26163 --- [restartedMain] com.zlmt.CommandLineAppStartupRunner     : Payload recieved for Driver: driverId=677
2019-12-09 15:46:17.608  INFO 26163 --- [restartedMain] com.zlmt.CommandLineAppStartupRunner     : Fetching driver with ID '%s' from third party API: 677
2019-12-09 15:46:17.932  INFO 26163 --- [restartedMain] com.zlmt.CommandLineAppStartupRunner     : Payload recieved for Driver: driverId=322
2019-12-09 15:46:17.932  INFO 26163 --- [restartedMain] com.zlmt.CommandLineAppStartupRunner     : Fetching driver with ID '%s' from third party API: 322
2019-12-09 15:46:18.256  INFO 26163 --- [restartedMain] com.zlmt.CommandLineAppStartupRunner     : Payload recieved for Driver: driverId=419
2019-12-09 15:46:18.256  INFO 26163 --- [restartedMain] com.zlmt.CommandLineAppStartupRunner     : Fetching driver with ID '%s' from third party API: 419
2019-12-09 15:46:18.584  INFO 26163 --- [restartedMain] com.zlmt.CommandLineAppStartupRunner     : Payload recieved for Driver: driverId=578
2019-12-09 15:46:18.584  INFO 26163 --- [restartedMain] com.zlmt.CommandLineAppStartupRunner     : Fetching driver with ID '%s' from third party API: 578
2019-12-09 15:46:18.922  INFO 26163 --- [restartedMain] com.zlmt.CommandLineAppStartupRunner     : Payload recieved for Driver: driverId=537
2019-12-09 15:46:18.923  INFO 26163 --- [restartedMain] com.zlmt.CommandLineAppStartupRunner     : Fetching driver with ID '%s' from third party API: 537
2019-12-09 15:46:19.255  INFO 26163 --- [restartedMain] com.zlmt.CommandLineAppStartupRunner     : Payload recieved for Driver: driverId=490
2019-12-09 15:46:19.255  INFO 26163 --- [restartedMain] com.zlmt.CommandLineAppStartupRunner     : Fetching driver with ID '%s' from third party API: 490
2019-12-09 15:46:19.569  INFO 26163 --- [restartedMain] com.zlmt.CommandLineAppStartupRunner     : Payload recieved for Driver: driverId=176
2019-12-09 15:46:19.569  INFO 26163 --- [restartedMain] com.zlmt.CommandLineAppStartupRunner     : Fetching driver with ID '%s' from third party API: 176
2019-12-09 15:46:19.891  INFO 26163 --- [restartedMain] com.zlmt.CommandLineAppStartupRunner     : Payload recieved for Driver: driverId=416
2019-12-09 15:46:19.891  INFO 26163 --- [restartedMain] com.zlmt.CommandLineAppStartupRunner     : Fetching driver with ID '%s' from third party API: 416
2019-12-09 15:46:20.220  INFO 26163 --- [restartedMain] com.zlmt.CommandLineAppStartupRunner     : Payload recieved for Driver: driverId=568
2019-12-09 15:46:20.220  INFO 26163 --- [restartedMain] com.zlmt.CommandLineAppStartupRunner     : Fetching driver with ID '%s' from third party API: 568
2019-12-09 15:46:20.551  INFO 26163 --- [restartedMain] com.zlmt.CommandLineAppStartupRunner     : Payload recieved for Driver: driverId=43
2019-12-09 15:46:20.551  INFO 26163 --- [restartedMain] com.zlmt.CommandLineAppStartupRunner     : Fetching driver with ID '%s' from third party API: 43
2019-12-09 15:46:20.867  INFO 26163 --- [restartedMain] com.zlmt.CommandLineAppStartupRunner     : Payload recieved for Driver: driverId=465
2019-12-09 15:46:20.867  INFO 26163 --- [restartedMain] com.zlmt.CommandLineAppStartupRunner     : Fetching driver with ID '%s' from third party API: 465
2019-12-09 15:46:21.177  INFO 26163 --- [restartedMain] com.zlmt.CommandLineAppStartupRunner     : Payload recieved for Driver: driverId=443
2019-12-09 15:46:21.177  INFO 26163 --- [restartedMain] com.zlmt.CommandLineAppStartupRunner     : Fetching driver with ID '%s' from third party API: 443
2019-12-09 15:46:21.490  INFO 26163 --- [restartedMain] com.zlmt.CommandLineAppStartupRunner     : Payload recieved for Driver: driverId=234
2019-12-09 15:46:21.490  INFO 26163 --- [restartedMain] com.zlmt.CommandLineAppStartupRunner     : Fetching driver with ID '%s' from third party API: 234
2019-12-09 15:46:21.824  INFO 26163 --- [restartedMain] com.zlmt.CommandLineAppStartupRunner     : Payload recieved for Driver: driverId=675
2019-12-09 15:46:21.824  INFO 26163 --- [restartedMain] com.zlmt.CommandLineAppStartupRunner     : Fetching driver with ID '%s' from third party API: 675
2019-12-09 15:46:22.130  INFO 26163 --- [restartedMain] com.zlmt.CommandLineAppStartupRunner     : Payload recieved for Driver: driverId=437
2019-12-09 15:46:22.130  INFO 26163 --- [restartedMain] com.zlmt.CommandLineAppStartupRunner     : Fetching driver with ID '%s' from third party API: 437
2019-12-09 15:46:22.445  INFO 26163 --- [restartedMain] com.zlmt.CommandLineAppStartupRunner     : Payload recieved for Driver: driverId=409
2019-12-09 15:46:22.445  INFO 26163 --- [restartedMain] com.zlmt.CommandLineAppStartupRunner     : Fetching driver with ID '%s' from third party API: 409
2019-12-09 15:46:22.764  INFO 26163 --- [restartedMain] com.zlmt.CommandLineAppStartupRunner     : Payload recieved for Driver: driverId=570
2019-12-09 15:46:22.765  INFO 26163 --- [restartedMain] com.zlmt.CommandLineAppStartupRunner     : Fetching driver with ID '%s' from third party API: 570
2019-12-09 15:46:23.079  INFO 26163 --- [restartedMain] com.zlmt.CommandLineAppStartupRunner     : Payload recieved for Driver: driverId=662
2019-12-09 15:46:23.079  INFO 26163 --- [restartedMain] com.zlmt.CommandLineAppStartupRunner     : Fetching driver with ID '%s' from third party API: 662
2019-12-09 15:46:23.391  INFO 26163 --- [restartedMain] com.zlmt.CommandLineAppStartupRunner     : Payload recieved for Driver: driverId=636
2019-12-09 15:46:23.391  INFO 26163 --- [restartedMain] com.zlmt.CommandLineAppStartupRunner     : Fetching driver with ID '%s' from third party API: 636
2019-12-09 15:46:23.700  INFO 26163 --- [restartedMain] com.zlmt.CommandLineAppStartupRunner     : Payload recieved for Driver: driverId=335
2019-12-09 15:46:23.700  INFO 26163 --- [restartedMain] com.zlmt.CommandLineAppStartupRunner     : Fetching driver with ID '%s' from third party API: 335
2019-12-09 15:46:24.014  INFO 26163 --- [restartedMain] com.zlmt.CommandLineAppStartupRunner     : Payload recieved for Driver: driverId=449
2019-12-09 15:46:24.014  INFO 26163 --- [restartedMain] com.zlmt.CommandLineAppStartupRunner     : Fetching driver with ID '%s' from third party API: 449
2019-12-09 15:46:24.329  INFO 26163 --- [restartedMain] com.zlmt.CommandLineAppStartupRunner     : Payload recieved for Driver: driverId=702
2019-12-09 15:46:24.329  INFO 26163 --- [restartedMain] com.zlmt.CommandLineAppStartupRunner     : Fetching driver with ID '%s' from third party API: 702
2019-12-09 15:46:24.644  INFO 26163 --- [restartedMain] com.zlmt.CommandLineAppStartupRunner     : Payload recieved for Driver: driverId=371
2019-12-09 15:46:24.644  INFO 26163 --- [restartedMain] com.zlmt.CommandLineAppStartupRunner     : Fetching driver with ID '%s' from third party API: 371
2019-12-09 15:46:24.963  INFO 26163 --- [restartedMain] com.zlmt.CommandLineAppStartupRunner     : Payload recieved for Driver: driverId=397
2019-12-09 15:46:24.964  INFO 26163 --- [restartedMain] com.zlmt.CommandLineAppStartupRunner     : Fetching driver with ID '%s' from third party API: 397
2019-12-09 15:46:25.297  INFO 26163 --- [restartedMain] com.zlmt.CommandLineAppStartupRunner     : Payload recieved for Driver: driverId=380
2019-12-09 15:46:25.297  INFO 26163 --- [restartedMain] com.zlmt.CommandLineAppStartupRunner     : Fetching driver with ID '%s' from third party API: 380
2019-12-09 15:46:25.614  INFO 26163 --- [restartedMain] com.zlmt.CommandLineAppStartupRunner     : Payload recieved for Driver: driverId=95
2019-12-09 15:46:25.614  INFO 26163 --- [restartedMain] com.zlmt.CommandLineAppStartupRunner     : Fetching driver with ID '%s' from third party API: 95
2019-12-09 15:46:25.921  INFO 26163 --- [restartedMain] com.zlmt.CommandLineAppStartupRunner     : Payload recieved for Driver: driverId=730
2019-12-09 15:46:25.921  INFO 26163 --- [restartedMain] com.zlmt.CommandLineAppStartupRunner     : Fetching driver with ID '%s' from third party API: 730
2019-12-09 15:46:26.231  INFO 26163 --- [restartedMain] com.zlmt.CommandLineAppStartupRunner     : Payload recieved for Driver: driverId=502
2019-12-09 15:46:26.231  INFO 26163 --- [restartedMain] com.zlmt.CommandLineAppStartupRunner     : Fetching driver with ID '%s' from third party API: 502
2019-12-09 15:46:26.556  INFO 26163 --- [restartedMain] com.zlmt.CommandLineAppStartupRunner     : Payload recieved for Driver: driverId=530
2019-12-09 15:46:26.556  INFO 26163 --- [restartedMain] com.zlmt.CommandLineAppStartupRunner     : Fetching driver with ID '%s' from third party API: 530
2019-12-09 15:46:26.885  INFO 26163 --- [restartedMain] com.zlmt.CommandLineAppStartupRunner     : Payload recieved for Driver: driverId=248
2019-12-09 15:46:26.885  INFO 26163 --- [restartedMain] com.zlmt.CommandLineAppStartupRunner     : Fetching driver with ID '%s' from third party API: 248
2019-12-09 15:46:27.111  INFO 26163 --- [Thread-4] o.s.s.concurrent.ThreadPoolTaskExecutor  : Shutting down ExecutorService 'applicationTaskExecutor'
2019-12-09 15:46:27.112  INFO 26163 --- [Thread-4] j.LocalContainerEntityManagerFactoryBean : Closing JPA EntityManagerFactory for persistence unit 'default'
2019-12-09 15:46:27.115  INFO 26163 --- [Thread-4] com.zaxxer.hikari.HikariDataSource       : HikariPool-1 - Shutdown initiated...
2019-12-09 15:46:27.136  INFO 26163 --- [Thread-4] com.zaxxer.hikari.HikariDataSource       : HikariPool-1 - Shutdown completed.
2019-12-09 15:46:27.399  INFO 26163 --- [restartedMain] ConditionEvaluationReportLoggingListener : 

Error starting ApplicationContext. To display the conditions report re-run your application with 'debug' enabled.
2019-12-09 15:46:27.405 ERROR 26163 --- [restartedMain] o.s.boot.SpringApplication               : Application run failed

java.lang.IllegalStateException: Failed to execute CommandLineRunner
	at org.springframework.boot.SpringApplication.callRunner(SpringApplication.java:787) [spring-boot-2.2.1.RELEASE.jar:2.2.1.RELEASE]
	at org.springframework.boot.SpringApplication.callRunners(SpringApplication.java:768) [spring-boot-2.2.1.RELEASE.jar:2.2.1.RELEASE]
	at org.springframework.boot.SpringApplication.run(SpringApplication.java:322) [spring-boot-2.2.1.RELEASE.jar:2.2.1.RELEASE]
	at org.springframework.boot.SpringApplication.run(SpringApplication.java:1226) [spring-boot-2.2.1.RELEASE.jar:2.2.1.RELEASE]
	at org.springframework.boot.SpringApplication.run(SpringApplication.java:1215) [spring-boot-2.2.1.RELEASE.jar:2.2.1.RELEASE]
	at com.zlmt.WebhookHandler.main(WebhookHandler.java:10) [classes/:na]
	at sun.reflect.NativeMethodAccessorImpl.invoke0(Native Method) ~[na:1.8.0_232]
	at sun.reflect.NativeMethodAccessorImpl.invoke(NativeMethodAccessorImpl.java:62) ~[na:1.8.0_232]
	at sun.reflect.DelegatingMethodAccessorImpl.invoke(DelegatingMethodAccessorImpl.java:43) ~[na:1.8.0_232]
	at java.lang.reflect.Method.invoke(Method.java:498) ~[na:1.8.0_232]
	at org.springframework.boot.devtools.restart.RestartLauncher.run(RestartLauncher.java:49) [spring-boot-devtools-2.2.1.RELEASE.jar:2.2.1.RELEASE]
Caused by: org.springframework.boot.context.properties.ConfigurationPropertiesBindException: Error creating bean with name 'spring.datasource-org.springframework.boot.autoconfigure.jdbc.DataSourceProperties': Could not bind properties to 'DataSourceProperties' : prefix=spring.datasource, ignoreInvalidFields=false, ignoreUnknownFields=true; nested exception is java.lang.IllegalStateException: org.springframework.boot.web.servlet.context.AnnotationConfigServletWebServerApplicationContext@18d54b3a has been closed already
	at org.springframework.boot.context.properties.ConfigurationPropertiesBindingPostProcessor.bind(ConfigurationPropertiesBindingPostProcessor.java:110) ~[spring-boot-2.2.1.RELEASE.jar:2.2.1.RELEASE]
	at org.springframework.boot.context.properties.ConfigurationPropertiesBindingPostProcessor.postProcessBeforeInitialization(ConfigurationPropertiesBindingPostProcessor.java:96) ~[spring-boot-2.2.1.RELEASE.jar:2.2.1.RELEASE]
	at org.springframework.beans.factory.support.AbstractAutowireCapableBeanFactory.applyBeanPostProcessorsBeforeInitialization(AbstractAutowireCapableBeanFactory.java:416) ~[spring-beans-5.2.1.RELEASE.jar:5.2.1.RELEASE]
	at org.springframework.beans.factory.support.AbstractAutowireCapableBeanFactory.initializeBean(AbstractAutowireCapableBeanFactory.java:1795) ~[spring-beans-5.2.1.RELEASE.jar:5.2.1.RELEASE]
	at org.springframework.beans.factory.support.AbstractAutowireCapableBeanFactory.doCreateBean(AbstractAutowireCapableBeanFactory.java:595) ~[spring-beans-5.2.1.RELEASE.jar:5.2.1.RELEASE]
	at org.springframework.beans.factory.support.AbstractAutowireCapableBeanFactory.createBean(AbstractAutowireCapableBeanFactory.java:517) ~[spring-beans-5.2.1.RELEASE.jar:5.2.1.RELEASE]
	at org.springframework.beans.factory.support.AbstractBeanFactory.lambda$doGetBean$0(AbstractBeanFactory.java:323) ~[spring-beans-5.2.1.RELEASE.jar:5.2.1.RELEASE]
	at org.springframework.beans.factory.support.DefaultSingletonBeanRegistry.getSingleton(DefaultSingletonBeanRegistry.java:222) ~[spring-beans-5.2.1.RELEASE.jar:5.2.1.RELEASE]
	at org.springframework.beans.factory.support.AbstractBeanFactory.doGetBean(AbstractBeanFactory.java:321) ~[spring-beans-5.2.1.RELEASE.jar:5.2.1.RELEASE]
	at org.springframework.beans.factory.support.AbstractBeanFactory.getBean(AbstractBeanFactory.java:202) ~[spring-beans-5.2.1.RELEASE.jar:5.2.1.RELEASE]
	at org.springframework.beans.factory.config.DependencyDescriptor.resolveCandidate(DependencyDescriptor.java:276) ~[spring-beans-5.2.1.RELEASE.jar:5.2.1.RELEASE]
	at org.springframework.beans.factory.support.DefaultListableBeanFactory.doResolveDependency(DefaultListableBeanFactory.java:1287) ~[spring-beans-5.2.1.RELEASE.jar:5.2.1.RELEASE]
	at org.springframework.beans.factory.support.DefaultListableBeanFactory.resolveDependency(DefaultListableBeanFactory.java:1207) ~[spring-beans-5.2.1.RELEASE.jar:5.2.1.RELEASE]
	at org.springframework.beans.factory.support.ConstructorResolver.resolveAutowiredArgument(ConstructorResolver.java:874) ~[spring-beans-5.2.1.RELEASE.jar:5.2.1.RELEASE]
	at org.springframework.beans.factory.support.ConstructorResolver.resolvePreparedArguments(ConstructorResolver.java:821) ~[spring-beans-5.2.1.RELEASE.jar:5.2.1.RELEASE]
	at org.springframework.beans.factory.support.ConstructorResolver.instantiateUsingFactoryMethod(ConstructorResolver.java:438) ~[spring-beans-5.2.1.RELEASE.jar:5.2.1.RELEASE]
	at org.springframework.beans.factory.support.AbstractAutowireCapableBeanFactory.instantiateUsingFactoryMethod(AbstractAutowireCapableBeanFactory.java:1338) ~[spring-beans-5.2.1.RELEASE.jar:5.2.1.RELEASE]
	at org.springframework.beans.factory.support.AbstractAutowireCapableBeanFactory.createBeanInstance(AbstractAutowireCapableBeanFactory.java:1177) ~[spring-beans-5.2.1.RELEASE.jar:5.2.1.RELEASE]
	at org.springframework.beans.factory.support.AbstractAutowireCapableBeanFactory.doCreateBean(AbstractAutowireCapableBeanFactory.java:557) ~[spring-beans-5.2.1.RELEASE.jar:5.2.1.RELEASE]
	at org.springframework.beans.factory.support.AbstractAutowireCapableBeanFactory.createBean(AbstractAutowireCapableBeanFactory.java:517) ~[spring-beans-5.2.1.RELEASE.jar:5.2.1.RELEASE]
	at org.springframework.beans.factory.support.AbstractBeanFactory.lambda$doGetBean$0(AbstractBeanFactory.java:323) ~[spring-beans-5.2.1.RELEASE.jar:5.2.1.RELEASE]
	at org.springframework.beans.factory.support.DefaultSingletonBeanRegistry.getSingleton(DefaultSingletonBeanRegistry.java:222) ~[spring-beans-5.2.1.RELEASE.jar:5.2.1.RELEASE]
	at org.springframework.beans.factory.support.AbstractBeanFactory.doGetBean(AbstractBeanFactory.java:321) ~[spring-beans-5.2.1.RELEASE.jar:5.2.1.RELEASE]
	at org.springframework.beans.factory.support.AbstractBeanFactory.getBean(AbstractBeanFactory.java:202) ~[spring-beans-5.2.1.RELEASE.jar:5.2.1.RELEASE]
	at org.springframework.beans.factory.config.DependencyDescriptor.resolveCandidate(DependencyDescriptor.java:276) ~[spring-beans-5.2.1.RELEASE.jar:5.2.1.RELEASE]
	at org.springframework.beans.factory.support.DefaultListableBeanFactory.doResolveDependency(DefaultListableBeanFactory.java:1287) ~[spring-beans-5.2.1.RELEASE.jar:5.2.1.RELEASE]
	at org.springframework.beans.factory.support.DefaultListableBeanFactory.resolveDependency(DefaultListableBeanFactory.java:1207) ~[spring-beans-5.2.1.RELEASE.jar:5.2.1.RELEASE]
	at org.springframework.beans.factory.support.ConstructorResolver.resolveAutowiredArgument(ConstructorResolver.java:874) ~[spring-beans-5.2.1.RELEASE.jar:5.2.1.RELEASE]
	at org.springframework.beans.factory.support.ConstructorResolver.resolvePreparedArguments(ConstructorResolver.java:821) ~[spring-beans-5.2.1.RELEASE.jar:5.2.1.RELEASE]
	at org.springframework.beans.factory.support.ConstructorResolver.instantiateUsingFactoryMethod(ConstructorResolver.java:438) ~[spring-beans-5.2.1.RELEASE.jar:5.2.1.RELEASE]
	at org.springframework.beans.factory.support.AbstractAutowireCapableBeanFactory.instantiateUsingFactoryMethod(AbstractAutowireCapableBeanFactory.java:1338) ~[spring-beans-5.2.1.RELEASE.jar:5.2.1.RELEASE]
	at org.springframework.beans.factory.support.AbstractAutowireCapableBeanFactory.createBeanInstance(AbstractAutowireCapableBeanFactory.java:1177) ~[spring-beans-5.2.1.RELEASE.jar:5.2.1.RELEASE]
	at org.springframework.beans.factory.support.AbstractAutowireCapableBeanFactory.doCreateBean(AbstractAutowireCapableBeanFactory.java:557) ~[spring-beans-5.2.1.RELEASE.jar:5.2.1.RELEASE]
	at org.springframework.beans.factory.support.AbstractAutowireCapableBeanFactory.createBean(AbstractAutowireCapableBeanFactory.java:517) ~[spring-beans-5.2.1.RELEASE.jar:5.2.1.RELEASE]
	at org.springframework.beans.factory.support.AbstractBeanFactory.lambda$doGetBean$0(AbstractBeanFactory.java:323) ~[spring-beans-5.2.1.RELEASE.jar:5.2.1.RELEASE]
	at org.springframework.beans.factory.support.DefaultSingletonBeanRegistry.getSingleton(DefaultSingletonBeanRegistry.java:222) ~[spring-beans-5.2.1.RELEASE.jar:5.2.1.RELEASE]
	at org.springframework.beans.factory.support.AbstractBeanFactory.doGetBean(AbstractBeanFactory.java:321) ~[spring-beans-5.2.1.RELEASE.jar:5.2.1.RELEASE]
	at org.springframework.beans.factory.support.AbstractBeanFactory.getBean(AbstractBeanFactory.java:202) ~[spring-beans-5.2.1.RELEASE.jar:5.2.1.RELEASE]
	at org.springframework.beans.factory.support.AbstractBeanFactory.doGetBean(AbstractBeanFactory.java:310) ~[spring-beans-5.2.1.RELEASE.jar:5.2.1.RELEASE]
	at org.springframework.beans.factory.support.AbstractBeanFactory.getBean(AbstractBeanFactory.java:202) ~[spring-beans-5.2.1.RELEASE.jar:5.2.1.RELEASE]
	at org.springframework.beans.factory.support.DefaultListableBeanFactory.getBeansOfType(DefaultListableBeanFactory.java:617) ~[spring-beans-5.2.1.RELEASE.jar:5.2.1.RELEASE]
	at org.springframework.beans.factory.BeanFactoryUtils.beansOfTypeIncludingAncestors(BeanFactoryUtils.java:378) ~[spring-beans-5.2.1.RELEASE.jar:5.2.1.RELEASE]
	at org.springframework.dao.support.PersistenceExceptionTranslationInterceptor.detectPersistenceExceptionTranslators(PersistenceExceptionTranslationInterceptor.java:168) ~[spring-tx-5.2.1.RELEASE.jar:5.2.1.RELEASE]
	at org.springframework.dao.support.PersistenceExceptionTranslationInterceptor.invoke(PersistenceExceptionTranslationInterceptor.java:150) ~[spring-tx-5.2.1.RELEASE.jar:5.2.1.RELEASE]
	at org.springframework.aop.framework.ReflectiveMethodInvocation.proceed(ReflectiveMethodInvocation.java:186) ~[spring-aop-5.2.1.RELEASE.jar:5.2.1.RELEASE]
	at org.springframework.data.jpa.repository.support.CrudMethodMetadataPostProcessor$CrudMethodMetadataPopulatingMethodInterceptor.invoke(CrudMethodMetadataPostProcessor.java:178) ~[spring-data-jpa-2.2.1.RELEASE.jar:2.2.1.RELEASE]
	at org.springframework.aop.framework.ReflectiveMethodInvocation.proceed(ReflectiveMethodInvocation.java:186) ~[spring-aop-5.2.1.RELEASE.jar:5.2.1.RELEASE]
	at org.springframework.aop.interceptor.ExposeInvocationInterceptor.invoke(ExposeInvocationInterceptor.java:93) ~[spring-aop-5.2.1.RELEASE.jar:5.2.1.RELEASE]
	at org.springframework.aop.framework.ReflectiveMethodInvocation.proceed(ReflectiveMethodInvocation.java:186) ~[spring-aop-5.2.1.RELEASE.jar:5.2.1.RELEASE]
	at org.springframework.aop.framework.JdkDynamicAopProxy.invoke(JdkDynamicAopProxy.java:212) ~[spring-aop-5.2.1.RELEASE.jar:5.2.1.RELEASE]
	at com.sun.proxy.$Proxy118.save(Unknown Source) ~[na:na]
	at com.zlmt.Controller.processDriver(Controller.java:64) ~[classes/:na]
	at com.zlmt.Controller.saveAllDrivers(Controller.java:192) ~[classes/:na]
	at com.zlmt.Controller.processAll(Controller.java:177) ~[classes/:na]
	at com.zlmt.CommandLineAppStartupRunner.run(CommandLineAppStartupRunner.java:19) ~[classes/:na]
	at org.springframework.boot.SpringApplication.callRunner(SpringApplication.java:784) [spring-boot-2.2.1.RELEASE.jar:2.2.1.RELEASE]
	... 10 common frames omitted
Caused by: java.lang.IllegalStateException: org.springframework.boot.web.servlet.context.AnnotationConfigServletWebServerApplicationContext@18d54b3a has been closed already
	at org.springframework.context.support.AbstractApplicationContext.assertBeanFactoryActive(AbstractApplicationContext.java:1092) ~[spring-context-5.2.1.RELEASE.jar:5.2.1.RELEASE]
	at org.springframework.context.support.AbstractApplicationContext.getBeanProvider(AbstractApplicationContext.java:1137) ~[spring-context-5.2.1.RELEASE.jar:5.2.1.RELEASE]
	at org.springframework.boot.context.properties.ConfigurationPropertiesBinder.getBindHandlerAdvisors(ConfigurationPropertiesBinder.java:147) ~[spring-boot-2.2.1.RELEASE.jar:2.2.1.RELEASE]
	at org.springframework.boot.context.properties.ConfigurationPropertiesBinder.getBindHandler(ConfigurationPropertiesBinder.java:119) ~[spring-boot-2.2.1.RELEASE.jar:2.2.1.RELEASE]
	at org.springframework.boot.context.properties.ConfigurationPropertiesBinder.bind(ConfigurationPropertiesBinder.java:88) ~[spring-boot-2.2.1.RELEASE.jar:2.2.1.RELEASE]
	at org.springframework.boot.context.properties.ConfigurationPropertiesBindingPostProcessor.bind(ConfigurationPropertiesBindingPostProcessor.java:107) ~[spring-boot-2.2.1.RELEASE.jar:2.2.1.RELEASE]
	... 65 common frames omitted

2019-12-09 15:46:27.477  INFO 26163 --- [restartedMain] com.zlmt.WebhookHandler                  : Starting WebhookHandler on centosvm with PID 26163 (/home/raush/spring-projects/zlmt-webhook-handler/target/classes started by raush in /home/raush/spring-projects/zlmt-webhook-handler)
2019-12-09 15:46:27.477  INFO 26163 --- [restartedMain] com.zlmt.WebhookHandler                  : No active profile set, falling back to default profiles: default
2019-12-09 15:46:27.873  INFO 26163 --- [restartedMain] .s.d.r.c.RepositoryConfigurationDelegate : Bootstrapping Spring Data repositories in DEFAULT mode.
2019-12-09 15:46:27.892  INFO 26163 --- [restartedMain] .s.d.r.c.RepositoryConfigurationDelegate : Finished Spring Data repository scanning in 19ms. Found 3 repository interfaces.
2019-12-09 15:46:28.009  INFO 26163 --- [restartedMain] trationDelegate$BeanPostProcessorChecker : Bean 'org.springframework.transaction.annotation.ProxyTransactionManagementConfiguration' of type [org.springframework.transaction.annotation.ProxyTransactionManagementConfiguration] is not eligible for getting processed by all BeanPostProcessors (for example: not eligible for auto-proxying)
2019-12-09 15:46:28.066  WARN 26163 --- [restartedMain] org.apache.tomcat.util.modeler.Registry  : The MBean registry cannot be disabled because it has already been initialised
2019-12-09 15:46:28.114  INFO 26163 --- [restartedMain] o.s.b.w.embedded.tomcat.TomcatWebServer  : Tomcat initialized with port(s): 8080 (http)
2019-12-09 15:46:28.115  INFO 26163 --- [restartedMain] o.apache.catalina.core.StandardService   : Starting service [Tomcat]
2019-12-09 15:46:28.115  INFO 26163 --- [restartedMain] org.apache.catalina.core.StandardEngine  : Starting Servlet engine: [Apache Tomcat/9.0.27]
2019-12-09 15:46:28.118  INFO 26163 --- [restartedMain] o.a.c.c.C.[Tomcat].[localhost].[/]       : Initializing Spring embedded WebApplicationContext
2019-12-09 15:46:28.118  INFO 26163 --- [restartedMain] o.s.web.context.ContextLoader            : Root WebApplicationContext: initialization completed in 640 ms
2019-12-09 15:46:28.324  INFO 26163 --- [restartedMain] o.hibernate.jpa.internal.util.LogHelper  : HHH000204: Processing PersistenceUnitInfo [name: default]
2019-12-09 15:46:28.327  INFO 26163 --- [restartedMain] com.zaxxer.hikari.HikariDataSource       : HikariPool-2 - Starting...
2019-12-09 15:46:28.373  INFO 26163 --- [restartedMain] com.zaxxer.hikari.HikariDataSource       : HikariPool-2 - Start completed.
2019-12-09 15:46:28.373  INFO 26163 --- [restartedMain] org.hibernate.dialect.Dialect            : HHH000400: Using dialect: org.hibernate.dialect.MySQL5InnoDBDialect
2019-12-09 15:46:28.947  INFO 26163 --- [restartedMain] o.h.e.t.j.p.i.JtaPlatformInitiator       : HHH000490: Using JtaPlatform implementation: [org.hibernate.engine.transaction.jta.platform.internal.NoJtaPlatform]
2019-12-09 15:46:28.947  INFO 26163 --- [restartedMain] j.LocalContainerEntityManagerFactoryBean : Initialized JPA EntityManagerFactory for persistence unit 'default'
2019-12-09 15:46:28.950  INFO 26163 --- [restartedMain] o.s.b.d.a.OptionalLiveReloadServer       : LiveReload server is running on port 35729
2019-12-09 15:46:29.195  WARN 26163 --- [restartedMain] JpaBaseConfiguration$JpaWebConfiguration : spring.jpa.open-in-view is enabled by default. Therefore, database queries may be performed during view rendering. Explicitly configure spring.jpa.open-in-view to disable this warning
2019-12-09 15:46:29.242  INFO 26163 --- [restartedMain] o.s.s.concurrent.ThreadPoolTaskExecutor  : Initializing ExecutorService 'applicationTaskExecutor'
2019-12-09 15:46:29.469  INFO 26163 --- [restartedMain] o.s.b.a.e.web.EndpointLinksResolver      : Exposing 2 endpoint(s) beneath base path '/actuator'
2019-12-09 15:46:29.660  INFO 26163 --- [restartedMain] o.s.b.w.embedded.tomcat.TomcatWebServer  : Tomcat started on port(s): 8080 (http) with context path ''
2019-12-09 15:46:29.661  INFO 26163 --- [restartedMain] com.zlmt.WebhookHandler                  : Started WebhookHandler in 2.226 seconds (JVM running for 65.888)
2019-12-09 15:46:29.661  INFO 26163 --- [restartedMain] com.zlmt.CommandLineAppStartupRunner     : Saving/Updating all the previous data.
2019-12-09 15:46:30.738  INFO 26163 --- [restartedMain] com.zlmt.CommandLineAppStartupRunner     : Payload recieved for Driver: driverId=179
2019-12-09 15:46:30.738  INFO 26163 --- [restartedMain] com.zlmt.CommandLineAppStartupRunner     : Fetching driver with ID '%s' from third party API: 179
2019-12-09 15:46:31.078  INFO 26163 --- [restartedMain] com.zlmt.CommandLineAppStartupRunner     : Payload recieved for Driver: driverId=471
2019-12-09 15:46:31.078  INFO 26163 --- [restartedMain] com.zlmt.CommandLineAppStartupRunner     : Fetching driver with ID '%s' from third party API: 471
2019-12-09 15:46:31.398  INFO 26163 --- [restartedMain] com.zlmt.CommandLineAppStartupRunner     : Payload recieved for Driver: driverId=293
2019-12-09 15:46:31.398  INFO 26163 --- [restartedMain] com.zlmt.CommandLineAppStartupRunner     : Fetching driver with ID '%s' from third party API: 293
2019-12-09 15:46:31.733  INFO 26163 --- [restartedMain] com.zlmt.CommandLineAppStartupRunner     : Payload recieved for Driver: driverId=539
2019-12-09 15:46:31.733  INFO 26163 --- [restartedMain] com.zlmt.CommandLineAppStartupRunner     : Fetching driver with ID '%s' from third party API: 539
2019-12-09 15:46:32.061  INFO 26163 --- [restartedMain] com.zlmt.CommandLineAppStartupRunner     : Payload recieved for Driver: driverId=533
2019-12-09 15:46:32.061  INFO 26163 --- [restartedMain] com.zlmt.CommandLineAppStartupRunner     : Fetching driver with ID '%s' from third party API: 533
2019-12-09 15:46:32.383  INFO 26163 --- [restartedMain] com.zlmt.CommandLineAppStartupRunner     : Payload recieved for Driver: driverId=582
2019-12-09 15:46:32.383  INFO 26163 --- [restartedMain] com.zlmt.CommandLineAppStartupRunner     : Fetching driver with ID '%s' from third party API: 582
2019-12-09 15:46:32.697  INFO 26163 --- [restartedMain] com.zlmt.CommandLineAppStartupRunner     : Payload recieved for Driver: driverId=617
2019-12-09 15:46:32.697  INFO 26163 --- [restartedMain] com.zlmt.CommandLineAppStartupRunner     : Fetching driver with ID '%s' from third party API: 617
2019-12-09 15:46:33.007  INFO 26163 --- [restartedMain] com.zlmt.CommandLineAppStartupRunner     : Payload recieved for Driver: driverId=654
2019-12-09 15:46:33.007  INFO 26163 --- [restartedMain] com.zlmt.CommandLineAppStartupRunner     : Fetching driver with ID '%s' from third party API: 654
2019-12-09 15:46:33.336  INFO 26163 --- [restartedMain] com.zlmt.CommandLineAppStartupRunner     : Payload recieved for Driver: driverId=414
2019-12-09 15:46:33.336  INFO 26163 --- [restartedMain] com.zlmt.CommandLineAppStartupRunner     : Fetching driver with ID '%s' from third party API: 414
2019-12-09 15:46:33.672  INFO 26163 --- [restartedMain] com.zlmt.CommandLineAppStartupRunner     : Payload recieved for Driver: driverId=543
2019-12-09 15:46:33.672  INFO 26163 --- [restartedMain] com.zlmt.CommandLineAppStartupRunner     : Fetching driver with ID '%s' from third party API: 543
2019-12-09 15:46:33.992  INFO 26163 --- [restartedMain] com.zlmt.CommandLineAppStartupRunner     : Payload recieved for Driver: driverId=515
2019-12-09 15:46:33.992  INFO 26163 --- [restartedMain] com.zlmt.CommandLineAppStartupRunner     : Fetching driver with ID '%s' from third party API: 515
2019-12-09 15:46:34.313  INFO 26163 --- [restartedMain] com.zlmt.CommandLineAppStartupRunner     : Payload recieved for Driver: driverId=230
2019-12-09 15:46:34.313  INFO 26163 --- [restartedMain] com.zlmt.CommandLineAppStartupRunner     : Fetching driver with ID '%s' from third party API: 230
2019-12-09 15:46:34.632  INFO 26163 --- [restartedMain] com.zlmt.CommandLineAppStartupRunner     : Payload recieved for Driver: driverId=356
2019-12-09 15:46:34.632  INFO 26163 --- [restartedMain] com.zlmt.CommandLineAppStartupRunner     : Fetching driver with ID '%s' from third party API: 356
2019-12-09 15:46:34.945  INFO 26163 --- [restartedMain] com.zlmt.CommandLineAppStartupRunner     : Payload recieved for Driver: driverId=667
2019-12-09 15:46:34.945  INFO 26163 --- [restartedMain] com.zlmt.CommandLineAppStartupRunner     : Fetching driver with ID '%s' from third party API: 667
2019-12-09 15:46:35.277  INFO 26163 --- [restartedMain] com.zlmt.CommandLineAppStartupRunner     : Payload recieved for Driver: driverId=651
2019-12-09 15:46:35.277  INFO 26163 --- [restartedMain] com.zlmt.CommandLineAppStartupRunner     : Fetching driver with ID '%s' from third party API: 651
2019-12-09 15:46:35.607  INFO 26163 --- [restartedMain] com.zlmt.CommandLineAppStartupRunner     : Payload recieved for Driver: driverId=242
2019-12-09 15:46:35.607  INFO 26163 --- [restartedMain] com.zlmt.CommandLineAppStartupRunner     : Fetching driver with ID '%s' from third party API: 242
2019-12-09 15:46:35.939  INFO 26163 --- [restartedMain] com.zlmt.CommandLineAppStartupRunner     : Payload recieved for Driver: driverId=329
2019-12-09 15:46:35.939  INFO 26163 --- [restartedMain] com.zlmt.CommandLineAppStartupRunner     : Fetching driver with ID '%s' from third party API: 329
2019-12-09 15:46:36.262  INFO 26163 --- [restartedMain] com.zlmt.CommandLineAppStartupRunner     : Payload recieved for Driver: driverId=111
2019-12-09 15:46:36.262  INFO 26163 --- [restartedMain] com.zlmt.CommandLineAppStartupRunner     : Fetching driver with ID '%s' from third party API: 111
2019-12-09 15:46:36.585  INFO 26163 --- [restartedMain] com.zlmt.CommandLineAppStartupRunner     : Payload recieved for Driver: driverId=670
2019-12-09 15:46:36.586  INFO 26163 --- [restartedMain] com.zlmt.CommandLineAppStartupRunner     : Fetching driver with ID '%s' from third party API: 670
2019-12-09 15:46:36.913  INFO 26163 --- [restartedMain] com.zlmt.CommandLineAppStartupRunner     : Payload recieved for Driver: driverId=610
2019-12-09 15:46:36.913  INFO 26163 --- [restartedMain] com.zlmt.CommandLineAppStartupRunner     : Fetching driver with ID '%s' from third party API: 610
2019-12-09 15:46:37.243  INFO 26163 --- [restartedMain] com.zlmt.CommandLineAppStartupRunner     : Payload recieved for Driver: driverId=405
2019-12-09 15:46:37.243  INFO 26163 --- [restartedMain] com.zlmt.CommandLineAppStartupRunner     : Fetching driver with ID '%s' from third party API: 405
2019-12-09 15:46:37.566  INFO 26163 --- [restartedMain] com.zlmt.CommandLineAppStartupRunner     : Payload recieved for Driver: driverId=141
2019-12-09 15:46:37.566  INFO 26163 --- [restartedMain] com.zlmt.CommandLineAppStartupRunner     : Fetching driver with ID '%s' from third party API: 141
2019-12-09 15:46:37.887  INFO 26163 --- [restartedMain] com.zlmt.CommandLineAppStartupRunner     : Payload recieved for Driver: driverId=513
2019-12-09 15:46:37.887  INFO 26163 --- [restartedMain] com.zlmt.CommandLineAppStartupRunner     : Fetching driver with ID '%s' from third party API: 513
2019-12-09 15:46:38.218  INFO 26163 --- [restartedMain] com.zlmt.CommandLineAppStartupRunner     : Payload recieved for Driver: driverId=263
2019-12-09 15:46:38.218  INFO 26163 --- [restartedMain] com.zlmt.CommandLineAppStartupRunner     : Fetching driver with ID '%s' from third party API: 263
2019-12-09 15:46:38.542  INFO 26163 --- [restartedMain] com.zlmt.CommandLineAppStartupRunner     : Payload recieved for Driver: driverId=646
2019-12-09 15:46:38.542  INFO 26163 --- [restartedMain] com.zlmt.CommandLineAppStartupRunner     : Fetching driver with ID '%s' from third party API: 646
2019-12-09 15:46:38.862  INFO 26163 --- [restartedMain] com.zlmt.CommandLineAppStartupRunner     : Payload recieved for Driver: driverId=224
2019-12-09 15:46:38.862  INFO 26163 --- [restartedMain] com.zlmt.CommandLineAppStartupRunner     : Fetching driver with ID '%s' from third party API: 224
2019-12-09 15:46:39.179  INFO 26163 --- [restartedMain] com.zlmt.CommandLineAppStartupRunner     : Payload recieved for Driver: driverId=168
2019-12-09 15:46:39.179  INFO 26163 --- [restartedMain] com.zlmt.CommandLineAppStartupRunner     : Fetching driver with ID '%s' from third party API: 168
2019-12-09 15:46:39.514  INFO 26163 --- [restartedMain] com.zlmt.CommandLineAppStartupRunner     : Payload recieved for Driver: driverId=585
2019-12-09 15:46:39.514  INFO 26163 --- [restartedMain] com.zlmt.CommandLineAppStartupRunner     : Fetching driver with ID '%s' from third party API: 585
2019-12-09 15:46:39.850  INFO 26163 --- [restartedMain] com.zlmt.CommandLineAppStartupRunner     : Payload recieved for Driver: driverId=265
2019-12-09 15:46:39.850  INFO 26163 --- [restartedMain] com.zlmt.CommandLineAppStartupRunner     : Fetching driver with ID '%s' from third party API: 265
2019-12-09 15:46:40.170  INFO 26163 --- [restartedMain] com.zlmt.CommandLineAppStartupRunner     : Payload recieved for Driver: driverId=593
2019-12-09 15:46:40.170  INFO 26163 --- [restartedMain] com.zlmt.CommandLineAppStartupRunner     : Fetching driver with ID '%s' from third party API: 593
2019-12-09 15:46:41.351  INFO 26163 --- [restartedMain] com.zlmt.CommandLineAppStartupRunner     : Payload recieved for Driver: driverId=110
2019-12-09 15:46:41.351  INFO 26163 --- [restartedMain] com.zlmt.CommandLineAppStartupRunner     : Fetching driver with ID '%s' from third party API: 110
2019-12-09 15:46:41.682  INFO 26163 --- [restartedMain] com.zlmt.CommandLineAppStartupRunner     : Payload recieved for Driver: driverId=133
2019-12-09 15:46:41.682  INFO 26163 --- [restartedMain] com.zlmt.CommandLineAppStartupRunner     : Fetching driver with ID '%s' from third party API: 133
2019-12-09 15:46:42.006  INFO 26163 --- [restartedMain] com.zlmt.CommandLineAppStartupRunner     : Payload recieved for Driver: driverId=489
2019-12-09 15:46:42.006  INFO 26163 --- [restartedMain] com.zlmt.CommandLineAppStartupRunner     : Fetching driver with ID '%s' from third party API: 489
2019-12-09 15:46:42.350  INFO 26163 --- [restartedMain] com.zlmt.CommandLineAppStartupRunner     : Payload recieved for Driver: driverId=452
2019-12-09 15:46:42.350  INFO 26163 --- [restartedMain] com.zlmt.CommandLineAppStartupRunner     : Fetching driver with ID '%s' from third party API: 452
2019-12-09 15:46:42.672  INFO 26163 --- [restartedMain] com.zlmt.CommandLineAppStartupRunner     : Payload recieved for Driver: driverId=406
2019-12-09 15:46:42.672  INFO 26163 --- [restartedMain] com.zlmt.CommandLineAppStartupRunner     : Fetching driver with ID '%s' from third party API: 406
2019-12-09 15:46:42.997  INFO 26163 --- [restartedMain] com.zlmt.CommandLineAppStartupRunner     : Payload recieved for Driver: driverId=14
2019-12-09 15:46:42.997  INFO 26163 --- [restartedMain] com.zlmt.CommandLineAppStartupRunner     : Fetching driver with ID '%s' from third party API: 14
2019-12-09 15:46:43.331  INFO 26163 --- [restartedMain] com.zlmt.CommandLineAppStartupRunner     : Payload recieved for Driver: driverId=685
2019-12-09 15:46:43.331  INFO 26163 --- [restartedMain] com.zlmt.CommandLineAppStartupRunner     : Fetching driver with ID '%s' from third party API: 685
2019-12-09 15:46:43.441  INFO 26163 --- [SpringContextShutdownHook] o.s.s.concurrent.ThreadPoolTaskExecutor  : Shutting down ExecutorService 'applicationTaskExecutor'
2019-12-09 15:46:43.442  INFO 26163 --- [SpringContextShutdownHook] j.LocalContainerEntityManagerFactoryBean : Closing JPA EntityManagerFactory for persistence unit 'default'
2019-12-09 15:46:43.444  INFO 26163 --- [SpringContextShutdownHook] com.zaxxer.hikari.HikariDataSource       : HikariPool-2 - Shutdown initiated...
2019-12-09 15:46:43.482  INFO 26163 --- [SpringContextShutdownHook] com.zaxxer.hikari.HikariDataSource       : HikariPool-2 - Shutdown completed.
